mode: set
mercor-challenge/source/ReferralNetwork.go:23.24,29.2 1 0
mercor-challenge/source/ReferralNetwork.go:31.36,32.14 1 0
mercor-challenge/source/ReferralNetwork.go:32.14,34.3 1 0
mercor-challenge/source/ReferralNetwork.go:35.2,36.34 2 0
mercor-challenge/source/ReferralNetwork.go:36.34,38.3 1 0
mercor-challenge/source/ReferralNetwork.go:41.41,44.2 2 0
mercor-challenge/source/ReferralNetwork.go:46.62,47.20 1 0
mercor-challenge/source/ReferralNetwork.go:47.20,49.3 1 0
mercor-challenge/source/ReferralNetwork.go:50.2,51.32 2 0
mercor-challenge/source/ReferralNetwork.go:51.32,53.3 1 0
mercor-challenge/source/ReferralNetwork.go:54.2,54.17 1 0
mercor-challenge/source/ReferralNetwork.go:57.63,58.26 1 0
mercor-challenge/source/ReferralNetwork.go:58.26,60.3 1 0
mercor-challenge/source/ReferralNetwork.go:61.2,61.27 1 0
mercor-challenge/source/ReferralNetwork.go:61.27,63.3 1 0
mercor-challenge/source/ReferralNetwork.go:64.2,64.27 1 0
mercor-challenge/source/ReferralNetwork.go:64.27,66.3 1 0
mercor-challenge/source/ReferralNetwork.go:67.2,67.40 1 0
mercor-challenge/source/ReferralNetwork.go:67.40,68.38 1 0
mercor-challenge/source/ReferralNetwork.go:68.38,70.4 1 0
mercor-challenge/source/ReferralNetwork.go:71.3,71.31 1 0
mercor-challenge/source/ReferralNetwork.go:73.2,73.45 1 0
mercor-challenge/source/ReferralNetwork.go:73.45,75.3 1 0
mercor-challenge/source/ReferralNetwork.go:76.2,78.12 3 0
mercor-challenge/source/ReferralNetwork.go:81.67,84.21 3 0
mercor-challenge/source/ReferralNetwork.go:84.21,87.23 3 0
mercor-challenge/source/ReferralNetwork.go:87.23,89.4 1 0
mercor-challenge/source/ReferralNetwork.go:90.3,90.37 1 0
mercor-challenge/source/ReferralNetwork.go:90.37,91.12 1 0
mercor-challenge/source/ReferralNetwork.go:93.3,94.39 2 0
mercor-challenge/source/ReferralNetwork.go:94.39,95.36 1 0
mercor-challenge/source/ReferralNetwork.go:95.36,97.5 1 0
mercor-challenge/source/ReferralNetwork.go:100.2,100.14 1 0
mercor-challenge/source/ReferralNetwork.go:108.54,109.22 1 0
mercor-challenge/source/ReferralNetwork.go:109.22,111.3 1 0
mercor-challenge/source/ReferralNetwork.go:112.2,115.21 3 0
mercor-challenge/source/ReferralNetwork.go:115.21,118.39 3 0
mercor-challenge/source/ReferralNetwork.go:118.39,119.40 1 0
mercor-challenge/source/ReferralNetwork.go:119.40,122.5 2 0
mercor-challenge/source/ReferralNetwork.go:126.2,126.26 1 0
mercor-challenge/source/ReferralNetwork.go:129.57,130.12 1 0
mercor-challenge/source/ReferralNetwork.go:130.12,132.3 1 0
mercor-challenge/source/ReferralNetwork.go:134.2,135.25 2 0
mercor-challenge/source/ReferralNetwork.go:135.25,138.3 2 0
mercor-challenge/source/ReferralNetwork.go:140.2,140.42 1 0
mercor-challenge/source/ReferralNetwork.go:140.42,141.43 1 0
mercor-challenge/source/ReferralNetwork.go:141.43,143.4 1 0
mercor-challenge/source/ReferralNetwork.go:144.3,144.45 1 0
mercor-challenge/source/ReferralNetwork.go:147.2,147.22 1 0
mercor-challenge/source/ReferralNetwork.go:147.22,149.3 1 0
mercor-challenge/source/ReferralNetwork.go:150.2,150.25 1 0
mercor-challenge/source/ReferralNetwork.go:153.74,154.22 1 0
mercor-challenge/source/ReferralNetwork.go:154.22,156.3 1 0
mercor-challenge/source/ReferralNetwork.go:157.2,159.21 3 0
mercor-challenge/source/ReferralNetwork.go:159.21,162.39 3 0
mercor-challenge/source/ReferralNetwork.go:162.39,163.40 1 0
mercor-challenge/source/ReferralNetwork.go:163.40,166.5 2 0
mercor-challenge/source/ReferralNetwork.go:169.2,169.21 1 0
mercor-challenge/source/ReferralNetwork.go:172.61,174.25 2 0
mercor-challenge/source/ReferralNetwork.go:174.25,177.3 2 0
mercor-challenge/source/ReferralNetwork.go:179.2,182.34 3 0
mercor-challenge/source/ReferralNetwork.go:182.34,185.34 3 0
mercor-challenge/source/ReferralNetwork.go:185.34,187.27 2 0
mercor-challenge/source/ReferralNetwork.go:187.27,188.38 1 0
mercor-challenge/source/ReferralNetwork.go:188.38,190.6 1 0
mercor-challenge/source/ReferralNetwork.go:192.4,192.31 1 0
mercor-challenge/source/ReferralNetwork.go:192.31,195.5 2 0
mercor-challenge/source/ReferralNetwork.go:197.3,197.24 1 0
mercor-challenge/source/ReferralNetwork.go:197.24,198.9 1 0
mercor-challenge/source/ReferralNetwork.go:200.3,200.45 1 0
mercor-challenge/source/ReferralNetwork.go:200.45,202.4 1 0
mercor-challenge/source/ReferralNetwork.go:203.3,204.32 2 0
mercor-challenge/source/ReferralNetwork.go:206.2,206.20 1 0
mercor-challenge/source/ReferralNetwork.go:209.55,211.25 2 0
mercor-challenge/source/ReferralNetwork.go:211.25,213.3 1 0
mercor-challenge/source/ReferralNetwork.go:215.2,216.26 2 0
mercor-challenge/source/ReferralNetwork.go:216.26,218.3 1 0
mercor-challenge/source/ReferralNetwork.go:220.2,221.26 2 0
mercor-challenge/source/ReferralNetwork.go:221.26,222.27 1 0
mercor-challenge/source/ReferralNetwork.go:222.27,223.34 1 0
mercor-challenge/source/ReferralNetwork.go:223.34,224.13 1 0
mercor-challenge/source/ReferralNetwork.go:226.4,226.28 1 0
mercor-challenge/source/ReferralNetwork.go:226.28,227.25 1 0
mercor-challenge/source/ReferralNetwork.go:227.25,228.14 1 0
mercor-challenge/source/ReferralNetwork.go:230.5,231.42 1 0
mercor-challenge/source/ReferralNetwork.go:231.42,233.6 1 0
mercor-challenge/source/ReferralNetwork.go:238.2,239.27 2 0
mercor-challenge/source/ReferralNetwork.go:239.27,241.3 1 0
mercor-challenge/source/ReferralNetwork.go:243.2,243.42 1 0
mercor-challenge/source/ReferralNetwork.go:243.42,244.43 1 0
mercor-challenge/source/ReferralNetwork.go:244.43,246.4 1 0
mercor-challenge/source/ReferralNetwork.go:247.3,247.45 1 0
mercor-challenge/source/ReferralNetwork.go:250.2,250.21 1 0
mercor-challenge/source/ReferralNetwork.go:253.58,255.25 2 0
mercor-challenge/source/ReferralNetwork.go:255.25,257.3 1 0
mercor-challenge/source/ReferralNetwork.go:258.2,260.21 3 0
mercor-challenge/source/ReferralNetwork.go:260.21,263.39 3 0
mercor-challenge/source/ReferralNetwork.go:263.39,264.25 1 0
mercor-challenge/source/ReferralNetwork.go:264.25,267.5 2 0
mercor-challenge/source/ReferralNetwork.go:270.2,270.13 1 0
mercor-challenge/source/Simulation.go:8.46,17.40 5 0
mercor-challenge/source/Simulation.go:17.40,19.3 1 0
mercor-challenge/source/Simulation.go:21.2,24.34 3 0
mercor-challenge/source/Simulation.go:24.34,26.25 2 0
mercor-challenge/source/Simulation.go:26.25,27.32 1 0
mercor-challenge/source/Simulation.go:27.32,28.13 1 0
mercor-challenge/source/Simulation.go:30.4,31.44 2 0
mercor-challenge/source/Simulation.go:31.44,33.5 1 0
mercor-challenge/source/Simulation.go:34.4,36.49 3 0
mercor-challenge/source/Simulation.go:36.49,38.5 1 0
mercor-challenge/source/Simulation.go:40.3,41.22 2 0
mercor-challenge/source/Simulation.go:43.2,43.15 1 0
mercor-challenge/source/Simulation.go:46.51,49.30 3 0
mercor-challenge/source/Simulation.go:49.30,50.36 1 0
mercor-challenge/source/Simulation.go:50.36,52.4 1 0
mercor-challenge/source/Simulation.go:54.2,54.11 1 0
mercor-challenge/source/Simulation.go:57.115,58.15 1 0
mercor-challenge/source/Simulation.go:58.15,60.3 1 0
mercor-challenge/source/Simulation.go:61.2,61.17 1 0
mercor-challenge/source/Simulation.go:61.17,64.3 2 0
mercor-challenge/source/Simulation.go:65.2,65.25 1 0
mercor-challenge/source/Simulation.go:65.25,67.3 1 0
mercor-challenge/source/Simulation.go:68.2,68.14 1 0
mercor-challenge/source/Simulation.go:68.14,70.3 1 0
mercor-challenge/source/Simulation.go:72.2,72.43 1 0
mercor-challenge/source/Simulation.go:72.43,74.12 2 0
mercor-challenge/source/Simulation.go:74.12,76.4 1 0
mercor-challenge/source/Simulation.go:77.3,77.12 1 0
mercor-challenge/source/Simulation.go:77.12,79.4 1 0
mercor-challenge/source/Simulation.go:80.3,81.20 2 0
mercor-challenge/source/Simulation.go:81.20,83.4 1 0
mercor-challenge/source/Simulation.go:84.3,85.45 2 0
mercor-challenge/source/Simulation.go:88.2,88.23 1 0
mercor-challenge/source/Simulation.go:88.23,91.3 2 0
mercor-challenge/source/Simulation.go:93.2,96.26 4 0
mercor-challenge/source/Simulation.go:96.26,98.22 2 0
mercor-challenge/source/Simulation.go:98.22,99.31 1 0
mercor-challenge/source/Simulation.go:99.31,101.5 1 0
mercor-challenge/source/Simulation.go:102.4,103.9 2 0
mercor-challenge/source/Simulation.go:108.2,108.21 1 0
mercor-challenge/source/Simulation.go:108.21,110.24 2 0
mercor-challenge/source/Simulation.go:110.24,112.4 1 0
mercor-challenge/source/Simulation.go:112.9,114.4 1 0
mercor-challenge/source/Simulation.go:118.2,120.55 2 0
mercor-challenge/source/Simulation.go:120.55,121.33 1 0
mercor-challenge/source/Simulation.go:121.33,124.4 2 0
mercor-challenge/source/Simulation.go:127.2,127.17 1 0
